<?xml version="1.0" encoding="UTF-8"?>
<!-- Generated by org.testng.reporters.JUnitReportReporter -->
<testsuite hostname="AsmaShaik" failures="0" tests="1" name="Runner.Runnerclass" time="11.121" errors="0" timestamp="19 May 2023 02:44:17 GMT" skipped="0">
  <testcase classname="Runner.Runnerclass" name="feature" time="11.121"/>
</testsuite> <!-- Runner.Runnerclass -->
